20:51:44.452 [main] INFO  com.intuit.karate.Runner - using system property 'karate.env': prod
20:51:44.627 [main] DEBUG com.intuit.karate.Suite - [config] classpath:karate-config.js
20:51:46.685 [main] DEBUG com.intuit.karate - request:
1 > GET https://parabank.parasoft.com/parabank/services/bank/login/john/demo
1 > Accept: application/json
1 > Host: parabank.parasoft.com
1 > Connection: Keep-Alive
1 > User-Agent: Apache-HttpClient/4.5.13 (Java/21.0.7)
1 > Accept-Encoding: gzip,deflate


20:51:47.535 [main] DEBUG com.intuit.karate - response time in milliseconds: 847
1 < 200
1 < Date: Thu, 21 May 2026 01:51:46 GMT
1 < Content-Type: application/json
1 < Transfer-Encoding: chunked
1 < Connection: keep-alive
1 < Server: cloudflare
1 < cf-cache-status: DYNAMIC
1 < X-Content-Type-Options: nosniff
1 < CF-RAY: 9feff0187e80b6ec-BOG
{"id":12212,"firstName":"John","lastName":"Smith","address":{"street":"1431 Main St","city":"Beverly Hills","state":"CA","zipCode":"90210"},"phoneNumber":"310-447-4121","ssn":"622-11-9999"}

20:51:47.572 [main] DEBUG com.intuit.karate - request:
2 > GET https://parabank.parasoft.com/parabank/services/bank/customers/12212/accounts
2 > Accept: application/json
2 > Host: parabank.parasoft.com
2 > Connection: Keep-Alive
2 > User-Agent: Apache-HttpClient/4.5.13 (Java/21.0.7)
2 > Accept-Encoding: gzip,deflate


20:51:47.758 [main] DEBUG com.intuit.karate - response time in milliseconds: 185
2 < 200
2 < Date: Thu, 21 May 2026 01:51:46 GMT
2 < Content-Type: application/json
2 < Transfer-Encoding: chunked
2 < Connection: keep-alive
2 < Server: cloudflare
2 < cf-cache-status: DYNAMIC
2 < X-Content-Type-Options: nosniff
2 < CF-RAY: 9feff01b6dfdb6f5-BOG
[{"id":13344,"customerId":12212,"type":"CHECKING","balance":-89995360.57},{"id":23334,"customerId":12212,"type":"CHECKING","balance":290.00}]

20:51:47.772 [main] DEBUG com.intuit.karate - request:
3 > POST https://parabank.parasoft.com/parabank/services/bank/requestLoan?amount=1000&fromAccountId=13344&downPayment=200&customerId=12212
3 > Accept: application/json
3 > Host: parabank.parasoft.com
3 > Connection: Keep-Alive
3 > User-Agent: Apache-HttpClient/4.5.13 (Java/21.0.7)
3 > Accept-Encoding: gzip,deflate


20:51:48.015 [main] DEBUG com.intuit.karate - response time in milliseconds: 242
3 < 200
3 < Date: Thu, 21 May 2026 01:51:46 GMT
3 < Content-Type: application/json
3 < Transfer-Encoding: chunked
3 < Connection: keep-alive
3 < Server: cloudflare
3 < cf-cache-status: DYNAMIC
3 < X-Content-Type-Options: nosniff
3 < CF-RAY: 9feff01cac8fb6ff-BOG
{"responseDate":1779328306805,"loanProviderName":"Wealth Securities Dynamic Loans (WSDL)","approved":false,"message":"error.insufficient.funds.for.down.payment","accountId":null}

20:51:48.039 [main] ERROR com.intuit.karate - classpath:org/udea/parabank/RequestLoan.feature:34
* match response.responseDate == '#string'
match failed: EQUALS
  $ | not a string (NUMBER:STRING)
  1779328306805
  '#string'

classpath:org/udea/parabank/RequestLoan.feature:34
20:51:48.084 [main] DEBUG com.intuit.karate - request:
1 > GET https://parabank.parasoft.com/parabank/services/bank/login/john/demo
1 > Accept: application/json
1 > Host: parabank.parasoft.com
1 > Connection: Keep-Alive
1 > User-Agent: Apache-HttpClient/4.5.13 (Java/21.0.7)
1 > Accept-Encoding: gzip,deflate


20:51:48.267 [main] DEBUG com.intuit.karate - response time in milliseconds: 182
1 < 200
1 < Date: Thu, 21 May 2026 01:51:47 GMT
1 < Content-Type: application/json
1 < Transfer-Encoding: chunked
1 < Connection: keep-alive
1 < Server: cloudflare
1 < cf-cache-status: DYNAMIC
1 < X-Content-Type-Options: nosniff
1 < CF-RAY: 9feff01e9c20b6f5-BOG
{"id":12212,"firstName":"John","lastName":"Smith","address":{"street":"1431 Main St","city":"Beverly Hills","state":"CA","zipCode":"90210"},"phoneNumber":"310-447-4121","ssn":"622-11-9999"}

20:51:48.274 [main] DEBUG com.intuit.karate - request:
2 > GET https://parabank.parasoft.com/parabank/services/bank/customers/12212/accounts
2 > Accept: application/json
2 > Host: parabank.parasoft.com
2 > Connection: Keep-Alive
2 > User-Agent: Apache-HttpClient/4.5.13 (Java/21.0.7)
2 > Accept-Encoding: gzip,deflate


20:51:48.464 [main] DEBUG com.intuit.karate - response time in milliseconds: 189
2 < 200
2 < Date: Thu, 21 May 2026 01:51:47 GMT
2 < Content-Type: application/json
2 < Transfer-Encoding: chunked
2 < Connection: keep-alive
2 < Server: cloudflare
2 < cf-cache-status: DYNAMIC
2 < X-Content-Type-Options: nosniff
2 < CF-RAY: 9feff01fdabcb6f6-BOG
[{"id":13344,"customerId":12212,"type":"CHECKING","balance":-89995360.57},{"id":23334,"customerId":12212,"type":"CHECKING","balance":290.00}]

20:51:48.470 [main] DEBUG com.intuit.karate - request:
3 > POST https://parabank.parasoft.com/parabank/services/bank/requestLoan?amount=1000&fromAccountId=13344&downPayment=500&customerId=12212
3 > Accept: application/json
3 > Host: parabank.parasoft.com
3 > Connection: Keep-Alive
3 > User-Agent: Apache-HttpClient/4.5.13 (Java/21.0.7)
3 > Accept-Encoding: gzip,deflate


20:51:48.668 [main] DEBUG com.intuit.karate - response time in milliseconds: 198
3 < 200
3 < Date: Thu, 21 May 2026 01:51:47 GMT
3 < Content-Type: application/json
3 < Transfer-Encoding: chunked
3 < Connection: keep-alive
3 < Server: cloudflare
3 < cf-cache-status: DYNAMIC
3 < X-Content-Type-Options: nosniff
3 < CF-RAY: 9feff02108a1b6f2-BOG
{"responseDate":1779328307456,"loanProviderName":"Wealth Securities Dynamic Loans (WSDL)","approved":false,"message":"error.insufficient.funds.for.down.payment","accountId":null}

20:51:48.672 [main] ERROR com.intuit.karate - classpath:org/udea/parabank/RequestLoan.feature:49
* match response.approved == true
match failed: EQUALS
  $ | not equal (BOOLEAN:BOOLEAN)
  false
  true

classpath:org/udea/parabank/RequestLoan.feature:49
20:51:48.689 [main] DEBUG com.intuit.karate - request:
1 > GET https://parabank.parasoft.com/parabank/services/bank/login/john/demo
1 > Accept: application/json
1 > Host: parabank.parasoft.com
1 > Connection: Keep-Alive
1 > User-Agent: Apache-HttpClient/4.5.13 (Java/21.0.7)
1 > Accept-Encoding: gzip,deflate


20:51:48.871 [main] DEBUG com.intuit.karate - response time in milliseconds: 180
1 < 200
1 < Date: Thu, 21 May 2026 01:51:47 GMT
1 < Content-Type: application/json
1 < Transfer-Encoding: chunked
1 < Connection: keep-alive
1 < Server: cloudflare
1 < cf-cache-status: DYNAMIC
1 < X-Content-Type-Options: nosniff
1 < CF-RAY: 9feff0226b8cb6f2-BOG
{"id":12212,"firstName":"John","lastName":"Smith","address":{"street":"1431 Main St","city":"Beverly Hills","state":"CA","zipCode":"90210"},"phoneNumber":"310-447-4121","ssn":"622-11-9999"}

20:51:48.877 [main] DEBUG com.intuit.karate - request:
2 > GET https://parabank.parasoft.com/parabank/services/bank/customers/12212/accounts
2 > Accept: application/json
2 > Host: parabank.parasoft.com
2 > Connection: Keep-Alive
2 > User-Agent: Apache-HttpClient/4.5.13 (Java/21.0.7)
2 > Accept-Encoding: gzip,deflate


20:51:49.065 [main] DEBUG com.intuit.karate - response time in milliseconds: 188
2 < 200
2 < Date: Thu, 21 May 2026 01:51:47 GMT
2 < Content-Type: application/json
2 < Transfer-Encoding: chunked
2 < Connection: keep-alive
2 < Server: cloudflare
2 < cf-cache-status: DYNAMIC
2 < X-Content-Type-Options: nosniff
2 < CF-RAY: 9feff0238a3eb6ff-BOG
[{"id":13344,"customerId":12212,"type":"CHECKING","balance":-89995360.57},{"id":23334,"customerId":12212,"type":"CHECKING","balance":290.00}]

20:51:49.069 [main] DEBUG com.intuit.karate - request:
3 > POST https://parabank.parasoft.com/parabank/services/bank/requestLoan?amount=1000&fromAccountId=13344&downPayment=10&customerId=12212
3 > Accept: application/json
3 > Host: parabank.parasoft.com
3 > Connection: Keep-Alive
3 > User-Agent: Apache-HttpClient/4.5.13 (Java/21.0.7)
3 > Accept-Encoding: gzip,deflate


20:51:49.254 [main] DEBUG com.intuit.karate - response time in milliseconds: 184
3 < 200
3 < Date: Thu, 21 May 2026 01:51:48 GMT
3 < Content-Type: application/json
3 < Transfer-Encoding: chunked
3 < Connection: keep-alive
3 < Server: cloudflare
3 < cf-cache-status: DYNAMIC
3 < X-Content-Type-Options: nosniff
3 < CF-RAY: 9feff024b813b6f2-BOG
{"responseDate":1779328308044,"loanProviderName":"Wealth Securities Dynamic Loans (WSDL)","approved":false,"message":"error.insufficient.funds.for.down.payment","accountId":null}

20:51:49.273 [main] DEBUG com.intuit.karate - request:
1 > GET https://parabank.parasoft.com/parabank/services/bank/login/john/demo
1 > Accept: application/json
1 > Host: parabank.parasoft.com
1 > Connection: Keep-Alive
1 > User-Agent: Apache-HttpClient/4.5.13 (Java/21.0.7)
1 > Accept-Encoding: gzip,deflate


20:51:49.455 [main] DEBUG com.intuit.karate - response time in milliseconds: 182
1 < 200
1 < Date: Thu, 21 May 2026 01:51:48 GMT
1 < Content-Type: application/json
1 < Transfer-Encoding: chunked
1 < Connection: keep-alive
1 < Server: cloudflare
1 < cf-cache-status: DYNAMIC
1 < X-Content-Type-Options: nosniff
1 < CF-RAY: 9feff02609e0b6f9-BOG
{"id":12212,"firstName":"John","lastName":"Smith","address":{"street":"1431 Main St","city":"Beverly Hills","state":"CA","zipCode":"90210"},"phoneNumber":"310-447-4121","ssn":"622-11-9999"}

20:51:49.459 [main] DEBUG com.intuit.karate - request:
2 > GET https://parabank.parasoft.com/parabank/services/bank/customers/12212/accounts
2 > Accept: application/json
2 > Host: parabank.parasoft.com
2 > Connection: Keep-Alive
2 > User-Agent: Apache-HttpClient/4.5.13 (Java/21.0.7)
2 > Accept-Encoding: gzip,deflate


20:51:49.636 [main] DEBUG com.intuit.karate - response time in milliseconds: 176
2 < 200
2 < Date: Thu, 21 May 2026 01:51:48 GMT
2 < Content-Type: application/json
2 < Transfer-Encoding: chunked
2 < Connection: keep-alive
2 < Server: cloudflare
2 < cf-cache-status: DYNAMIC
2 < X-Content-Type-Options: nosniff
2 < CF-RAY: 9feff0272bd7b6f9-BOG
[{"id":13344,"customerId":12212,"type":"CHECKING","balance":-89995360.57},{"id":23334,"customerId":12212,"type":"CHECKING","balance":290.00}]

20:51:49.641 [main] DEBUG com.intuit.karate - request:
3 > POST https://parabank.parasoft.com/parabank/services/bank/requestLoan?amount=500&fromAccountId=13344&downPayment=500&customerId=12212
3 > Accept: application/json
3 > Host: parabank.parasoft.com
3 > Connection: Keep-Alive
3 > User-Agent: Apache-HttpClient/4.5.13 (Java/21.0.7)
3 > Accept-Encoding: gzip,deflate


20:51:49.827 [main] DEBUG com.intuit.karate - response time in milliseconds: 186
3 < 200
3 < Date: Thu, 21 May 2026 01:51:48 GMT
3 < Content-Type: application/json
3 < Transfer-Encoding: chunked
3 < Connection: keep-alive
3 < Server: cloudflare
3 < cf-cache-status: DYNAMIC
3 < X-Content-Type-Options: nosniff
3 < CF-RAY: 9feff0284c2eb6ff-BOG
{"responseDate":1779328308616,"loanProviderName":"Wealth Securities Dynamic Loans (WSDL)","approved":false,"message":"error.insufficient.funds.for.down.payment","accountId":null}

20:52:09.024 [main] INFO  com.intuit.karate.Runner - using system property 'karate.env': prod
20:52:09.169 [main] DEBUG com.intuit.karate.Suite - [config] classpath:karate-config.js
20:52:10.874 [main] DEBUG com.intuit.karate - request:
1 > GET https://parabank.parasoft.com/parabank/services/bank/login/john/demo
1 > Accept: application/json
1 > Host: parabank.parasoft.com
1 > Connection: Keep-Alive
1 > User-Agent: Apache-HttpClient/4.5.13 (Java/21.0.7)
1 > Accept-Encoding: gzip,deflate


20:52:11.390 [main] DEBUG com.intuit.karate - response time in milliseconds: 511
1 < 200
1 < Date: Thu, 21 May 2026 01:52:10 GMT
1 < Content-Type: application/json
1 < Transfer-Encoding: chunked
1 < Connection: keep-alive
1 < Server: cloudflare
1 < cf-cache-status: DYNAMIC
1 < X-Content-Type-Options: nosniff
1 < CF-RAY: 9feff0af0bf4b6f7-BOG
{"id":12212,"firstName":"John","lastName":"Smith","address":{"street":"1431 Main St","city":"Beverly Hills","state":"CA","zipCode":"90210"},"phoneNumber":"310-447-4121","ssn":"622-11-9999"}

20:52:11.420 [main] DEBUG com.intuit.karate - request:
2 > GET https://parabank.parasoft.com/parabank/services/bank/customers/12212/accounts
2 > Accept: application/json
2 > Host: parabank.parasoft.com
2 > Connection: Keep-Alive
2 > User-Agent: Apache-HttpClient/4.5.13 (Java/21.0.7)
2 > Accept-Encoding: gzip,deflate


20:52:11.600 [main] DEBUG com.intuit.karate - response time in milliseconds: 180
2 < 200
2 < Date: Thu, 21 May 2026 01:52:10 GMT
2 < Content-Type: application/json
2 < Transfer-Encoding: chunked
2 < Connection: keep-alive
2 < Server: cloudflare
2 < cf-cache-status: DYNAMIC
2 < X-Content-Type-Options: nosniff
2 < CF-RAY: 9feff0b07f7eb6f2-BOG
[{"id":13344,"customerId":12212,"type":"CHECKING","balance":-89995360.57},{"id":23334,"customerId":12212,"type":"CHECKING","balance":290.00}]

20:52:11.611 [main] DEBUG com.intuit.karate - request:
3 > POST https://parabank.parasoft.com/parabank/services/bank/requestLoan?amount=1000&fromAccountId=13344&downPayment=200&customerId=12212
3 > Accept: application/json
3 > Host: parabank.parasoft.com
3 > Connection: Keep-Alive
3 > User-Agent: Apache-HttpClient/4.5.13 (Java/21.0.7)
3 > Accept-Encoding: gzip,deflate


20:52:11.841 [main] DEBUG com.intuit.karate - response time in milliseconds: 230
3 < 200
3 < Date: Thu, 21 May 2026 01:52:10 GMT
3 < Content-Type: application/json
3 < Transfer-Encoding: chunked
3 < Connection: keep-alive
3 < Server: cloudflare
3 < cf-cache-status: DYNAMIC
3 < X-Content-Type-Options: nosniff
3 < CF-RAY: 9feff0b1aa05b6f6-BOG
{"responseDate":1779328330629,"loanProviderName":"Wealth Securities Dynamic Loans (WSDL)","approved":false,"message":"error.insufficient.funds.for.down.payment","accountId":null}

20:52:11.863 [main] ERROR com.intuit.karate - classpath:org/udea/parabank/RequestLoan.feature:34
* match response.responseDate == '#string'
match failed: EQUALS
  $ | not a string (NUMBER:STRING)
  1779328330629
  '#string'

classpath:org/udea/parabank/RequestLoan.feature:34
20:52:11.904 [main] DEBUG com.intuit.karate - request:
1 > GET https://parabank.parasoft.com/parabank/services/bank/login/john/demo
1 > Accept: application/json
1 > Host: parabank.parasoft.com
1 > Connection: Keep-Alive
1 > User-Agent: Apache-HttpClient/4.5.13 (Java/21.0.7)
1 > Accept-Encoding: gzip,deflate


20:52:12.089 [main] DEBUG com.intuit.karate - response time in milliseconds: 185
1 < 200
1 < Date: Thu, 21 May 2026 01:52:10 GMT
1 < Content-Type: application/json
1 < Transfer-Encoding: chunked
1 < Connection: keep-alive
1 < Server: cloudflare
1 < cf-cache-status: DYNAMIC
1 < X-Content-Type-Options: nosniff
1 < CF-RAY: 9feff0b37ec7b6ef-BOG
{"id":12212,"firstName":"John","lastName":"Smith","address":{"street":"1431 Main St","city":"Beverly Hills","state":"CA","zipCode":"90210"},"phoneNumber":"310-447-4121","ssn":"622-11-9999"}

20:52:12.094 [main] DEBUG com.intuit.karate - request:
2 > GET https://parabank.parasoft.com/parabank/services/bank/customers/12212/accounts
2 > Accept: application/json
2 > Host: parabank.parasoft.com
2 > Connection: Keep-Alive
2 > User-Agent: Apache-HttpClient/4.5.13 (Java/21.0.7)
2 > Accept-Encoding: gzip,deflate


20:52:12.265 [main] DEBUG com.intuit.karate - response time in milliseconds: 171
2 < 200
2 < Date: Thu, 21 May 2026 01:52:11 GMT
2 < Content-Type: application/json
2 < Transfer-Encoding: chunked
2 < Connection: keep-alive
2 < Server: cloudflare
2 < cf-cache-status: DYNAMIC
2 < X-Content-Type-Options: nosniff
2 < CF-RAY: 9feff0b49ebdb6f6-BOG
[{"id":13344,"customerId":12212,"type":"CHECKING","balance":-89995360.57},{"id":23334,"customerId":12212,"type":"CHECKING","balance":290.00}]

20:52:12.272 [main] DEBUG com.intuit.karate - request:
3 > POST https://parabank.parasoft.com/parabank/services/bank/requestLoan?amount=1000&fromAccountId=13344&downPayment=500&customerId=12212
3 > Accept: application/json
3 > Host: parabank.parasoft.com
3 > Connection: Keep-Alive
3 > User-Agent: Apache-HttpClient/4.5.13 (Java/21.0.7)
3 > Accept-Encoding: gzip,deflate


20:52:12.458 [main] DEBUG com.intuit.karate - response time in milliseconds: 186
3 < 200
3 < Date: Thu, 21 May 2026 01:52:11 GMT
3 < Content-Type: application/json
3 < Transfer-Encoding: chunked
3 < Connection: keep-alive
3 < Server: cloudflare
3 < cf-cache-status: DYNAMIC
3 < X-Content-Type-Options: nosniff
3 < CF-RAY: 9feff0b5bde5b6f5-BOG
{"responseDate":1779328331247,"loanProviderName":"Wealth Securities Dynamic Loans (WSDL)","approved":false,"message":"error.insufficient.funds.for.down.payment","accountId":null}

20:52:12.462 [main] ERROR com.intuit.karate - classpath:org/udea/parabank/RequestLoan.feature:49
* match response.approved == true
match failed: EQUALS
  $ | not equal (BOOLEAN:BOOLEAN)
  false
  true

classpath:org/udea/parabank/RequestLoan.feature:49
20:52:12.483 [main] DEBUG com.intuit.karate - request:
1 > GET https://parabank.parasoft.com/parabank/services/bank/login/john/demo
1 > Accept: application/json
1 > Host: parabank.parasoft.com
1 > Connection: Keep-Alive
1 > User-Agent: Apache-HttpClient/4.5.13 (Java/21.0.7)
1 > Accept-Encoding: gzip,deflate


20:52:12.656 [main] DEBUG com.intuit.karate - response time in milliseconds: 173
1 < 200
1 < Date: Thu, 21 May 2026 01:52:11 GMT
1 < Content-Type: application/json
1 < Transfer-Encoding: chunked
1 < Connection: keep-alive
1 < Server: cloudflare
1 < cf-cache-status: DYNAMIC
1 < X-Content-Type-Options: nosniff
1 < CF-RAY: 9feff0b70b35b6f6-BOG
{"id":12212,"firstName":"John","lastName":"Smith","address":{"street":"1431 Main St","city":"Beverly Hills","state":"CA","zipCode":"90210"},"phoneNumber":"310-447-4121","ssn":"622-11-9999"}

20:52:12.662 [main] DEBUG com.intuit.karate - request:
2 > GET https://parabank.parasoft.com/parabank/services/bank/customers/12212/accounts
2 > Accept: application/json
2 > Host: parabank.parasoft.com
2 > Connection: Keep-Alive
2 > User-Agent: Apache-HttpClient/4.5.13 (Java/21.0.7)
2 > Accept-Encoding: gzip,deflate


20:52:12.837 [main] DEBUG com.intuit.karate - response time in milliseconds: 175
2 < 200
2 < Date: Thu, 21 May 2026 01:52:11 GMT
2 < Content-Type: application/json
2 < Transfer-Encoding: chunked
2 < Connection: keep-alive
2 < Server: cloudflare
2 < cf-cache-status: DYNAMIC
2 < X-Content-Type-Options: nosniff
2 < CF-RAY: 9feff0b82926b6f5-BOG
[{"id":13344,"customerId":12212,"type":"CHECKING","balance":-89995360.57},{"id":23334,"customerId":12212,"type":"CHECKING","balance":290.00}]

20:52:12.841 [main] DEBUG com.intuit.karate - request:
3 > POST https://parabank.parasoft.com/parabank/services/bank/requestLoan?amount=1000&fromAccountId=13344&downPayment=10&customerId=12212
3 > Accept: application/json
3 > Host: parabank.parasoft.com
3 > Connection: Keep-Alive
3 > User-Agent: Apache-HttpClient/4.5.13 (Java/21.0.7)
3 > Accept-Encoding: gzip,deflate


20:52:13.052 [main] DEBUG com.intuit.karate - response time in milliseconds: 211
3 < 200
3 < Date: Thu, 21 May 2026 01:52:11 GMT
3 < Content-Type: application/json
3 < Transfer-Encoding: chunked
3 < Connection: keep-alive
3 < Server: cloudflare
3 < cf-cache-status: DYNAMIC
3 < X-Content-Type-Options: nosniff
3 < CF-RAY: 9feff0b94ab5b6fd-BOG
{"responseDate":1779328331837,"loanProviderName":"Wealth Securities Dynamic Loans (WSDL)","approved":false,"message":"error.insufficient.funds.for.down.payment","accountId":null}

20:52:13.070 [main] DEBUG com.intuit.karate - request:
1 > GET https://parabank.parasoft.com/parabank/services/bank/login/john/demo
1 > Accept: application/json
1 > Host: parabank.parasoft.com
1 > Connection: Keep-Alive
1 > User-Agent: Apache-HttpClient/4.5.13 (Java/21.0.7)
1 > Accept-Encoding: gzip,deflate


20:52:13.246 [main] DEBUG com.intuit.karate - response time in milliseconds: 176
1 < 200
1 < Date: Thu, 21 May 2026 01:52:12 GMT
1 < Content-Type: application/json
1 < Transfer-Encoding: chunked
1 < Connection: keep-alive
1 < Server: cloudflare
1 < cf-cache-status: DYNAMIC
1 < X-Content-Type-Options: nosniff
1 < CF-RAY: 9feff0babdfbb6ff-BOG
{"id":12212,"firstName":"John","lastName":"Smith","address":{"street":"1431 Main St","city":"Beverly Hills","state":"CA","zipCode":"90210"},"phoneNumber":"310-447-4121","ssn":"622-11-9999"}

20:52:13.250 [main] DEBUG com.intuit.karate - request:
2 > GET https://parabank.parasoft.com/parabank/services/bank/customers/12212/accounts
2 > Accept: application/json
2 > Host: parabank.parasoft.com
2 > Connection: Keep-Alive
2 > User-Agent: Apache-HttpClient/4.5.13 (Java/21.0.7)
2 > Accept-Encoding: gzip,deflate


20:52:13.423 [main] DEBUG com.intuit.karate - response time in milliseconds: 172
2 < 200
2 < Date: Thu, 21 May 2026 01:52:12 GMT
2 < Content-Type: application/json
2 < Transfer-Encoding: chunked
2 < Connection: keep-alive
2 < Server: cloudflare
2 < cf-cache-status: DYNAMIC
2 < X-Content-Type-Options: nosniff
2 < CF-RAY: 9feff0bbde61b6f9-BOG
[{"id":13344,"customerId":12212,"type":"CHECKING","balance":-89995360.57},{"id":23334,"customerId":12212,"type":"CHECKING","balance":290.00}]

20:52:13.427 [main] DEBUG com.intuit.karate - request:
3 > POST https://parabank.parasoft.com/parabank/services/bank/requestLoan?amount=500&fromAccountId=13344&downPayment=500&customerId=12212
3 > Accept: application/json
3 > Host: parabank.parasoft.com
3 > Connection: Keep-Alive
3 > User-Agent: Apache-HttpClient/4.5.13 (Java/21.0.7)
3 > Accept-Encoding: gzip,deflate


20:52:13.614 [main] DEBUG com.intuit.karate - response time in milliseconds: 187
3 < 200
3 < Date: Thu, 21 May 2026 01:52:12 GMT
3 < Content-Type: application/json
3 < Transfer-Encoding: chunked
3 < Connection: keep-alive
3 < Server: cloudflare
3 < cf-cache-status: DYNAMIC
3 < X-Content-Type-Options: nosniff
3 < CF-RAY: 9feff0bcfe6cb6ef-BOG
{"responseDate":1779328332403,"loanProviderName":"Wealth Securities Dynamic Loans (WSDL)","approved":false,"message":"error.insufficient.funds.for.down.payment","accountId":null}

